#
# There is insufficient memory for the Java Runtime Environment to continue.
# Native memory allocation (malloc) failed to allocate 1343056 bytes for Chunk::new
# Possible reasons:
#   The system is out of physical RAM or swap space
#   The process is running with CompressedOops enabled, and the Java Heap may be blocking the growth of the native heap
# Possible solutions:
#   Reduce memory load on the system
#   Increase physical memory or swap space
#   Check if swap backing store is full
#   Decrease Java heap size (-Xmx/-Xms)
#   Decrease number of Java threads
#   Decrease Java thread stack sizes (-Xss)
#   Set larger code cache with -XX:ReservedCodeCacheSize=
#   JVM is running with Unscaled Compressed Oops mode in which the Java heap is
#     placed in the first 4GB address space. The Java Heap base address is the
#     maximum limit for the native heap growth. Please use -XX:HeapBaseMinAddress
#     to set the Java Heap base and to place the Java Heap above 4GB virtual address.
# This output file may be truncated or incomplete.
#
#  Out of Memory Error (./src/hotspot/share/memory/arena.cpp:197), pid=14924, tid=1192
#
# JRE version: OpenJDK Runtime Environment (11.0.10) (build 11.0.10+0-b96-7249189)
# Java VM: OpenJDK 64-Bit Server VM (11.0.10+0-b96-7249189, mixed mode, tiered, compressed oops, g1 gc, windows-amd64)
# No core dump will be written. Minidumps are not enabled by default on client versions of Windows
#

---------------  S U M M A R Y ------------

Command Line: --add-opens=java.base/java.util=ALL-UNNAMED --add-opens=java.base/java.lang=ALL-UNNAMED --add-opens=java.base/java.lang.invoke=ALL-UNNAMED --add-opens=java.base/java.util=ALL-UNNAMED --add-opens=java.prefs/java.util.prefs=ALL-UNNAMED --add-opens=java.prefs/java.util.prefs=ALL-UNNAMED --add-opens=java.base/java.nio.charset=ALL-UNNAMED --add-opens=java.base/java.net=ALL-UNNAMED --add-opens=java.base/java.util.concurrent.atomic=ALL-UNNAMED -Xmx2048m -Dfile.encoding=UTF-8 -Duser.country=US -Duser.language=en -Duser.variant org.gradle.launcher.daemon.bootstrap.GradleDaemon 7.0.2

Host: Intel(R) Core(TM) i3-7100U CPU @ 2.40GHz, 4 cores, 15G,  Windows 10 , 64 bit Build 19041 (10.0.19041.1023)
Time: Sun Jul 25 04:32:25 2021 GMT Standard Time elapsed time: 70.969378 seconds (0d 0h 1m 10s)

---------------  T H R E A D  ---------------

Current thread (0x0000014734bd3800):  JavaThread "C2 CompilerThread1" daemon [_thread_in_native, id=1192, stack(0x0000003e3dc00000,0x0000003e3dd00000)]


Current CompileTask:
C2:  70969 10822       4       org.gradle.internal.logging.sink.OutputEventTransformer::onOutput (399 bytes)

Stack: [0x0000003e3dc00000,0x0000003e3dd00000]
Native frames: (J=compiled Java code, j=interpreted, Vv=VM code, C=native code)
V  [jvm.dll+0x5ecfaa]
V  [jvm.dll+0x722bd5]
V  [jvm.dll+0x72412d]
V  [jvm.dll+0x7247e3]
V  [jvm.dll+0x242928]
V  [jvm.dll+0xbc4fc]
V  [jvm.dll+0xbca0c]
V  [jvm.dll+0x352d7d]
V  [jvm.dll+0x197e0c]
V  [jvm.dll+0x1fb70e]
V  [jvm.dll+0x1fa7f4]
V  [jvm.dll+0x18354c]
V  [jvm.dll+0x208ee7]
V  [jvm.dll+0x207731]
V  [jvm.dll+0x6eb1cf]
V  [jvm.dll+0x6e3d45]
V  [jvm.dll+0x5ebe96]
C  [ucrtbase.dll+0x21bb2]
C  [KERNEL32.DLL+0x17034]
C  [ntdll.dll+0x52651]


---------------  P R O C E S S  ---------------

Threads class SMR info:
_java_thread_list=0x0000014738dd96a0, length=39, elements={
0x000001471a462000, 0x000001473407c000, 0x000001473407e000, 0x00000147348fe800,
0x0000014734901000, 0x0000014734903000, 0x000001473490d800, 0x0000014734914000,
0x0000014734918800, 0x0000014734a78800, 0x000001473682a800, 0x0000014734c79800,
0x0000014736d59800, 0x0000014735d6a000, 0x00000147382d0800, 0x0000014737192800,
0x0000014737194000, 0x0000014737192000, 0x0000014735998000, 0x0000014735992800,
0x0000014735997000, 0x000001473599b800, 0x0000014735995800, 0x000001473599e800,
0x000001473599f800, 0x0000014734bd5800, 0x0000014734bd7000, 0x0000014734bd8000,
0x0000014734bd4800, 0x0000014734bd2000, 0x0000014734bd3000, 0x0000014734bd8800,
0x0000014734bd9800, 0x0000014734bd3800, 0x0000014734bdc800, 0x0000014734bdb000,
0x0000014734bdc000, 0x0000014734bdd800, 0x0000014734bdf000
}

Java Threads: ( => current thread )
  0x000001471a462000 JavaThread "main" [_thread_blocked, id=10352, stack(0x0000003e3bf00000,0x0000003e3c000000)]
  0x000001473407c000 JavaThread "Reference Handler" daemon [_thread_blocked, id=8460, stack(0x0000003e3c600000,0x0000003e3c700000)]
  0x000001473407e000 JavaThread "Finalizer" daemon [_thread_blocked, id=13452, stack(0x0000003e3c700000,0x0000003e3c800000)]
  0x00000147348fe800 JavaThread "Signal Dispatcher" daemon [_thread_blocked, id=6232, stack(0x0000003e3c800000,0x0000003e3c900000)]
  0x0000014734901000 JavaThread "Attach Listener" daemon [_thread_blocked, id=9280, stack(0x0000003e3c900000,0x0000003e3ca00000)]
  0x0000014734903000 JavaThread "Service Thread" daemon [_thread_blocked, id=12016, stack(0x0000003e3ca00000,0x0000003e3cb00000)]
  0x000001473490d800 JavaThread "C2 CompilerThread0" daemon [_thread_in_native, id=18000, stack(0x0000003e3cb00000,0x0000003e3cc00000)]
  0x0000014734914000 JavaThread "C1 CompilerThread0" daemon [_thread_in_native, id=9716, stack(0x0000003e3cc00000,0x0000003e3cd00000)]
  0x0000014734918800 JavaThread "Sweeper thread" daemon [_thread_blocked, id=14256, stack(0x0000003e3cd00000,0x0000003e3ce00000)]
  0x0000014734a78800 JavaThread "Common-Cleaner" daemon [_thread_blocked, id=13348, stack(0x0000003e3ce00000,0x0000003e3cf00000)]
  0x000001473682a800 JavaThread "Daemon health stats" [_thread_blocked, id=17064, stack(0x0000003e3d400000,0x0000003e3d500000)]
  0x0000014734c79800 JavaThread "Incoming local TCP Connector on port 9530" [_thread_in_native, id=13932, stack(0x0000003e3d000000,0x0000003e3d100000)]
  0x0000014736d59800 JavaThread "Daemon periodic checks" [_thread_blocked, id=4872, stack(0x0000003e3d500000,0x0000003e3d600000)]
  0x0000014735d6a000 JavaThread "Daemon" [_thread_blocked, id=15676, stack(0x0000003e3d600000,0x0000003e3d700000)]
  0x00000147382d0800 JavaThread "Daemon worker" [_thread_in_vm, id=11960, stack(0x0000003e3da00000,0x0000003e3db00000)]
  0x0000014737192800 JavaThread "Cache worker for file hash cache (C:\Users\Max\.gradle\caches\7.0.2\fileHashes)" [_thread_blocked, id=7156, stack(0x0000003e3d800000,0x0000003e3d900000)]
  0x0000014737194000 JavaThread "File lock request listener" [_thread_in_native, id=17448, stack(0x0000003e3de00000,0x0000003e3df00000)]
  0x0000014737192000 JavaThread "Cache worker for journal cache (C:\Users\Max\.gradle\caches\journal-1)" [_thread_blocked, id=5204, stack(0x0000003e3df00000,0x0000003e3e000000)]
  0x0000014735998000 JavaThread "File watcher server" daemon [_thread_in_native, id=10492, stack(0x0000003e3e100000,0x0000003e3e200000)]
  0x0000014735992800 JavaThread "File watcher consumer" daemon [_thread_blocked, id=4908, stack(0x0000003e3e200000,0x0000003e3e300000)]
  0x0000014735997000 JavaThread "Cache worker for execution history cache (C:\Users\Max\.gradle\caches\7.0.2\executionHistory)" [_thread_blocked, id=8204, stack(0x0000003e3e600000,0x0000003e3e700000)]
  0x000001473599b800 JavaThread "jar transforms" [_thread_blocked, id=13720, stack(0x0000003e3e800000,0x0000003e3e900000)]
  0x0000014735995800 JavaThread "jar transforms Thread 2" [_thread_blocked, id=4072, stack(0x0000003e3e900000,0x0000003e3ea00000)]
  0x000001473599e800 JavaThread "Cache worker for file content cache (C:\Users\Max\.gradle\caches\7.0.2\fileContent)" [_thread_blocked, id=15756, stack(0x0000003e3ea00000,0x0000003e3eb00000)]
  0x000001473599f800 JavaThread "jar transforms Thread 3" [_thread_blocked, id=10124, stack(0x0000003e3ec00000,0x0000003e3ed00000)]
  0x0000014734bd5800 JavaThread "jar transforms Thread 4" [_thread_blocked, id=15596, stack(0x0000003e3e700000,0x0000003e3e800000)]
  0x0000014734bd7000 JavaThread "Memory manager" [_thread_blocked, id=10772, stack(0x0000003e3f300000,0x0000003e3f400000)]
  0x0000014734bd8000 JavaThread "Handler for socket connection from /127.0.0.1:9530 to /127.0.0.1:20222" [_thread_in_native, id=17836, stack(0x0000003e3bc00000,0x0000003e3bd00000)]
  0x0000014734bd4800 JavaThread "Cancel handler" [_thread_blocked, id=14216, stack(0x0000003e3bd00000,0x0000003e3be00000)]
  0x0000014734bd2000 JavaThread "Asynchronous log dispatcher for DefaultDaemonConnection: socket connection from /127.0.0.1:9530 to /127.0.0.1:20222" [_thread_blocked, id=17476, stack(0x0000003e3be00000,0x0000003e3bf00000)]
  0x0000014734bd3000 JavaThread "Stdin handler" [_thread_blocked, id=9232, stack(0x0000003e3d700000,0x0000003e3d800000)]
  0x0000014734bd8800 JavaThread "Daemon client event forwarder" [_thread_blocked, id=4732, stack(0x0000003e3d900000,0x0000003e3da00000)]
  0x0000014734bd9800 JavaThread "Cache worker for file hash cache (F:\Projects\Android\RadixCalculator\.gradle\7.0.2\fileHashes)" [_thread_blocked, id=10476, stack(0x0000003e3db00000,0x0000003e3dc00000)]
=>0x0000014734bd3800 JavaThread "C2 CompilerThread1" daemon [_thread_in_native, id=1192, stack(0x0000003e3dc00000,0x0000003e3dd00000)]
  0x0000014734bdc800 JavaThread "Cache worker for checksums cache (F:\Projects\Android\RadixCalculator\.gradle\checksums)" [_thread_blocked, id=14788, stack(0x0000003e3dd00000,0x0000003e3de00000)]
  0x0000014734bdb000 JavaThread "Cache worker for cache directory md-supplier (C:\Users\Max\.gradle\caches\7.0.2\md-supplier)" [_thread_blocked, id=16160, stack(0x0000003e3e000000,0x0000003e3e100000)]
  0x0000014734bdc000 JavaThread "Cache worker for cache directory md-rule (C:\Users\Max\.gradle\caches\7.0.2\md-rule)" [_thread_blocked, id=11628, stack(0x0000003e3e300000,0x0000003e3e400000)]
  0x0000014734bdd800 JavaThread "Cache worker for dependencies-accessors (F:\Projects\Android\RadixCalculator\.gradle\7.0.2\dependencies-accessors)" [_thread_blocked, id=9180, stack(0x0000003e3e400000,0x0000003e3e500000)]
  0x0000014734bdf000 JavaThread "Cache worker for Build Output Cleanup Cache (F:\Projects\Android\RadixCalculator\.gradle\buildOutputCleanup)" [_thread_blocked, id=9476, stack(0x0000003e3e500000,0x0000003e3e600000)]

Other Threads:
  0x0000014734077800 VMThread "VM Thread" [stack: 0x0000003e3c500000,0x0000003e3c600000] [id=15204]
  0x0000014734a82000 WatcherThread [stack: 0x0000003e3cf00000,0x0000003e3d000000] [id=14636]
  0x000001471a478800 GCTaskThread "GC Thread#0" [stack: 0x0000003e3c000000,0x0000003e3c100000] [id=15892]
  0x0000014734dbc000 GCTaskThread "GC Thread#1" [stack: 0x0000003e3d100000,0x0000003e3d200000] [id=16408]
  0x0000014735167800 GCTaskThread "GC Thread#2" [stack: 0x0000003e3d200000,0x0000003e3d300000] [id=13924]
  0x0000014735168800 GCTaskThread "GC Thread#3" [stack: 0x0000003e3d300000,0x0000003e3d400000] [id=8180]
  0x000001471a4aa800 ConcurrentGCThread "G1 Main Marker" [stack: 0x0000003e3c100000,0x0000003e3c200000] [id=7624]
  0x000001471a4ab800 ConcurrentGCThread "G1 Conc#0" [stack: 0x0000003e3c200000,0x0000003e3c300000] [id=18320]
  0x000001471a53d800 ConcurrentGCThread "G1 Refine#0" [stack: 0x0000003e3c300000,0x0000003e3c400000] [id=14600]
  0x0000014733ee8800 ConcurrentGCThread "G1 Young RemSet Sampling" [stack: 0x0000003e3c400000,0x0000003e3c500000] [id=11948]

Threads with active compile tasks:
C2 CompilerThread0  71057 10780       4       org.gradle.internal.service.DefaultServiceRegistry$OwnServices$ProviderAnalyser::analyseType (114 bytes)
C1 CompilerThread0  71057 10926       3       org.gradle.api.internal.artifacts.ivyservice.resolveengine.graph.builder.DependencyGraphBuilder::toComponentId (31 bytes)
C2 CompilerThread1  71057 10822       4       org.gradle.internal.logging.sink.OutputEventTransformer::onOutput (399 bytes)

VM state:not at safepoint (normal execution)

VM Mutex/Monitor currently owned by a thread: None

Heap address: 0x0000000080000000, size: 2048 MB, Compressed Oops mode: 32-bit
Narrow klass base: 0x0000000000000000, Narrow klass shift: 3
Compressed class space size: 1073741824 Address: 0x0000000100000000

Heap:
 garbage-first heap   total 262144K, used 134396K [0x0000000080000000, 0x0000000100000000)
  region size 1024K, 71 young (72704K), 14 survivors (14336K)
 Metaspace       used 88654K, capacity 90921K, committed 91008K, reserved 1128448K
  class space    used 11402K, capacity 12200K, committed 12236K, reserved 1048576K
Heap Regions: E=young(eden), S=young(survivor), O=old, HS=humongous(starts), HC=humongous(continues), CS=collection set, F=free, A=archive, TAMS=top-at-mark-start (previous, next)
|   0|0x0000000080000000, 0x0000000080100000, 0x0000000080100000|100%| O|  |TAMS 0x0000000080100000, 0x0000000080000000| Untracked 
|   1|0x0000000080100000, 0x0000000080200000, 0x0000000080200000|100%| O|  |TAMS 0x0000000080200000, 0x0000000080100000| Untracked 
|   2|0x0000000080200000, 0x0000000080300000, 0x0000000080300000|100%| O|  |TAMS 0x0000000080300000, 0x0000000080200000| Untracked 
|   3|0x0000000080300000, 0x0000000080400000, 0x0000000080400000|100%|HS|  |TAMS 0x0000000080400000, 0x0000000080300000| Complete 
|   4|0x0000000080400000, 0x0000000080500000, 0x0000000080500000|100%|HC|  |TAMS 0x0000000080500000, 0x0000000080400000| Complete 
|   5|0x0000000080500000, 0x0000000080600000, 0x0000000080600000|100%|HC|  |TAMS 0x0000000080600000, 0x0000000080500000| Complete 
|   6|0x0000000080600000, 0x0000000080700000, 0x0000000080700000|100%| O|  |TAMS 0x0000000080700000, 0x0000000080600000| Untracked 
|   7|0x0000000080700000, 0x0000000080800000, 0x0000000080800000|100%| O|  |TAMS 0x0000000080800000, 0x0000000080700000| Untracked 
|   8|0x0000000080800000, 0x0000000080900000, 0x0000000080900000|100%| O|  |TAMS 0x0000000080900000, 0x0000000080800000| Untracked 
|   9|0x0000000080900000, 0x0000000080a00000, 0x0000000080a00000|100%| O|  |TAMS 0x0000000080a00000, 0x0000000080900000| Untracked 
|  10|0x0000000080a00000, 0x0000000080b00000, 0x0000000080b00000|100%| O|  |TAMS 0x0000000080b00000, 0x0000000080a00000| Untracked 
|  11|0x0000000080b00000, 0x0000000080c00000, 0x0000000080c00000|100%| O|  |TAMS 0x0000000080c00000, 0x0000000080b00000| Untracked 
|  12|0x0000000080c00000, 0x0000000080d00000, 0x0000000080d00000|100%| O|  |TAMS 0x0000000080d00000, 0x0000000080c00000| Untracked 
|  13|0x0000000080d00000, 0x0000000080e00000, 0x0000000080e00000|100%| O|  |TAMS 0x0000000080e00000, 0x0000000080d00000| Untracked 
|  14|0x0000000080e00000, 0x0000000080f00000, 0x0000000080f00000|100%| O|  |TAMS 0x0000000080f00000, 0x0000000080e00000| Untracked 
|  15|0x0000000080f00000, 0x0000000081000000, 0x0000000081000000|100%| O|  |TAMS 0x0000000081000000, 0x0000000080f00000| Untracked 
|  16|0x0000000081000000, 0x0000000081100000, 0x0000000081100000|100%|HS|  |TAMS 0x0000000081100000, 0x0000000081000000| Complete 
|  17|0x0000000081100000, 0x0000000081200000, 0x0000000081200000|100%|HS|  |TAMS 0x0000000081200000, 0x0000000081100000| Complete 
|  18|0x0000000081200000, 0x0000000081300000, 0x0000000081300000|100%|HS|  |TAMS 0x0000000081300000, 0x0000000081200000| Complete 
|  19|0x0000000081300000, 0x0000000081400000, 0x0000000081400000|100%|HC|  |TAMS 0x0000000081400000, 0x0000000081300000| Complete 
|  20|0x0000000081400000, 0x0000000081500000, 0x0000000081500000|100%|HC|  |TAMS 0x0000000081500000, 0x0000000081400000| Complete 
|  21|0x0000000081500000, 0x0000000081600000, 0x0000000081600000|100%|HS|  |TAMS 0x0000000081600000, 0x0000000081500000| Complete 
|  22|0x0000000081600000, 0x0000000081700000, 0x0000000081700000|100%|HC|  |TAMS 0x0000000081700000, 0x0000000081600000| Complete 
|  23|0x0000000081700000, 0x0000000081800000, 0x0000000081800000|100%| O|  |TAMS 0x0000000081800000, 0x0000000081700000| Untracked 
|  24|0x0000000081800000, 0x0000000081900000, 0x0000000081900000|100%| O|  |TAMS 0x0000000081900000, 0x0000000081800000| Untracked 
|  25|0x0000000081900000, 0x0000000081a00000, 0x0000000081a00000|100%| O|  |TAMS 0x0000000081a00000, 0x0000000081900000| Untracked 
|  26|0x0000000081a00000, 0x0000000081b00000, 0x0000000081b00000|100%| O|  |TAMS 0x0000000081b00000, 0x0000000081a00000| Untracked 
|  27|0x0000000081b00000, 0x0000000081c00000, 0x0000000081c00000|100%| O|  |TAMS 0x0000000081c00000, 0x0000000081b00000| Untracked 
|  28|0x0000000081c00000, 0x0000000081d00000, 0x0000000081d00000|100%| O|  |TAMS 0x0000000081d00000, 0x0000000081c00000| Untracked 
|  29|0x0000000081d00000, 0x0000000081e00000, 0x0000000081e00000|100%| O|  |TAMS 0x0000000081e00000, 0x0000000081d00000| Untracked 
|  30|0x0000000081e00000, 0x0000000081f00000, 0x0000000081f00000|100%| O|  |TAMS 0x0000000081f00000, 0x0000000081e00000| Untracked 
|  31|0x0000000081f00000, 0x0000000082000000, 0x0000000082000000|100%| O|  |TAMS 0x0000000082000000, 0x0000000081f00000| Untracked 
|  32|0x0000000082000000, 0x0000000082100000, 0x0000000082100000|100%| O|  |TAMS 0x0000000082100000, 0x0000000082000000| Untracked 
|  33|0x0000000082100000, 0x0000000082200000, 0x0000000082200000|100%| O|  |TAMS 0x0000000082200000, 0x0000000082100000| Untracked 
|  34|0x0000000082200000, 0x0000000082300000, 0x0000000082300000|100%| O|  |TAMS 0x0000000082300000, 0x0000000082200000| Untracked 
|  35|0x0000000082300000, 0x0000000082400000, 0x0000000082400000|100%| O|  |TAMS 0x0000000082400000, 0x0000000082300000| Untracked 
|  36|0x0000000082400000, 0x0000000082500000, 0x0000000082500000|100%| O|  |TAMS 0x0000000082500000, 0x0000000082400000| Untracked 
|  37|0x0000000082500000, 0x0000000082600000, 0x0000000082600000|100%| O|  |TAMS 0x0000000082600000, 0x0000000082500000| Untracked 
|  38|0x0000000082600000, 0x0000000082700000, 0x0000000082700000|100%| O|  |TAMS 0x0000000082700000, 0x0000000082600000| Untracked 
|  39|0x0000000082700000, 0x0000000082800000, 0x0000000082800000|100%| O|  |TAMS 0x0000000082800000, 0x0000000082700000| Untracked 
|  40|0x0000000082800000, 0x0000000082900000, 0x0000000082900000|100%| O|  |TAMS 0x0000000082900000, 0x0000000082800000| Untracked 
|  41|0x0000000082900000, 0x0000000082a00000, 0x0000000082a00000|100%| O|  |TAMS 0x0000000082a00000, 0x0000000082900000| Untracked 
|  42|0x0000000082a00000, 0x0000000082b00000, 0x0000000082b00000|100%| O|  |TAMS 0x0000000082b00000, 0x0000000082a00000| Untracked 
|  43|0x0000000082b00000, 0x0000000082c00000, 0x0000000082c00000|100%| O|  |TAMS 0x0000000082c00000, 0x0000000082b00000| Untracked 
|  44|0x0000000082c00000, 0x0000000082d00000, 0x0000000082d00000|100%| O|  |TAMS 0x0000000082d00000, 0x0000000082c00000| Untracked 
|  45|0x0000000082d00000, 0x0000000082e00000, 0x0000000082e00000|100%| O|  |TAMS 0x0000000082d99000, 0x0000000082d00000| Untracked 
|  46|0x0000000082e00000, 0x0000000082f00000, 0x0000000082f00000|100%| O|  |TAMS 0x0000000082e00000, 0x0000000082e00000| Untracked 
|  47|0x0000000082f00000, 0x0000000083000000, 0x0000000083000000|100%| O|  |TAMS 0x0000000082f00000, 0x0000000082f00000| Untracked 
|  48|0x0000000083000000, 0x0000000083100000, 0x0000000083100000|100%| O|  |TAMS 0x0000000083000000, 0x0000000083000000| Untracked 
|  49|0x0000000083100000, 0x0000000083200000, 0x0000000083200000|100%| O|  |TAMS 0x0000000083100000, 0x0000000083100000| Untracked 
|  50|0x0000000083200000, 0x0000000083300000, 0x0000000083300000|100%| O|  |TAMS 0x0000000083200000, 0x0000000083200000| Untracked 
|  51|0x0000000083300000, 0x0000000083400000, 0x0000000083400000|100%| O|  |TAMS 0x0000000083300000, 0x0000000083300000| Untracked 
|  52|0x0000000083400000, 0x0000000083500000, 0x0000000083500000|100%| O|  |TAMS 0x0000000083400000, 0x0000000083400000| Untracked 
|  53|0x0000000083500000, 0x0000000083600000, 0x0000000083600000|100%| O|  |TAMS 0x0000000083500000, 0x0000000083500000| Untracked 
|  54|0x0000000083600000, 0x0000000083700000, 0x0000000083700000|100%| O|  |TAMS 0x0000000083600000, 0x0000000083600000| Untracked 
|  55|0x0000000083700000, 0x0000000083800000, 0x0000000083800000|100%| O|  |TAMS 0x0000000083700000, 0x0000000083700000| Untracked 
|  56|0x0000000083800000, 0x0000000083900000, 0x0000000083900000|100%| O|  |TAMS 0x0000000083800000, 0x0000000083800000| Untracked 
|  57|0x0000000083900000, 0x0000000083a00000, 0x0000000083a00000|100%| O|  |TAMS 0x0000000083900000, 0x0000000083900000| Untracked 
|  58|0x0000000083a00000, 0x0000000083b00000, 0x0000000083b00000|100%| O|  |TAMS 0x0000000083a00000, 0x0000000083a00000| Untracked 
|  59|0x0000000083b00000, 0x0000000083c00000, 0x0000000083c00000|100%| O|  |TAMS 0x0000000083b00000, 0x0000000083b00000| Untracked 
|  60|0x0000000083c00000, 0x0000000083d00000, 0x0000000083d00000|100%| O|  |TAMS 0x0000000083c00000, 0x0000000083c00000| Untracked 
|  61|0x0000000083d00000, 0x0000000083dbf200, 0x0000000083e00000| 74%| O|  |TAMS 0x0000000083d00000, 0x0000000083d00000| Untracked 
|  62|0x0000000083e00000, 0x0000000083e00000, 0x0000000083f00000|  0%| F|  |TAMS 0x0000000083e00000, 0x0000000083e00000| Untracked 
|  63|0x0000000083f00000, 0x0000000083f00000, 0x0000000084000000|  0%| F|  |TAMS 0x0000000083f00000, 0x0000000083f00000| Untracked 
|  64|0x0000000084000000, 0x0000000084000000, 0x0000000084100000|  0%| F|  |TAMS 0x0000000084000000, 0x0000000084000000| Untracked 
|  65|0x0000000084100000, 0x0000000084100000, 0x0000000084200000|  0%| F|  |TAMS 0x0000000084100000, 0x0000000084100000| Untracked 
|  66|0x0000000084200000, 0x0000000084200000, 0x0000000084300000|  0%| F|  |TAMS 0x0000000084200000, 0x0000000084200000| Untracked 
|  67|0x0000000084300000, 0x0000000084300000, 0x0000000084400000|  0%| F|  |TAMS 0x0000000084300000, 0x0000000084300000| Untracked 
|  68|0x0000000084400000, 0x0000000084400000, 0x0000000084500000|  0%| F|  |TAMS 0x0000000084400000, 0x0000000084400000| Untracked 
|  69|0x0000000084500000, 0x0000000084500000, 0x0000000084600000|  0%| F|  |TAMS 0x0000000084500000, 0x0000000084500000| Untracked 
|  70|0x0000000084600000, 0x0000000084600000, 0x0000000084700000|  0%| F|  |TAMS 0x0000000084600000, 0x0000000084600000| Untracked 
|  71|0x0000000084700000, 0x0000000084700000, 0x0000000084800000|  0%| F|  |TAMS 0x0000000084700000, 0x0000000084700000| Untracked 
|  72|0x0000000084800000, 0x0000000084800000, 0x0000000084900000|  0%| F|  |TAMS 0x0000000084800000, 0x0000000084800000| Untracked 
|  73|0x0000000084900000, 0x0000000084900000, 0x0000000084a00000|  0%| F|  |TAMS 0x0000000084900000, 0x0000000084900000| Untracked 
|  74|0x0000000084a00000, 0x0000000084a00000, 0x0000000084b00000|  0%| F|  |TAMS 0x0000000084a00000, 0x0000000084a00000| Untracked 
|  75|0x0000000084b00000, 0x0000000084b00000, 0x0000000084c00000|  0%| F|  |TAMS 0x0000000084b00000, 0x0000000084b00000| Untracked 
|  76|0x0000000084c00000, 0x0000000084c00000, 0x0000000084d00000|  0%| F|  |TAMS 0x0000000084c00000, 0x0000000084c00000| Untracked 
|  77|0x0000000084d00000, 0x0000000084d00000, 0x0000000084e00000|  0%| F|  |TAMS 0x0000000084d00000, 0x0000000084d00000| Untracked 
|  78|0x0000000084e00000, 0x0000000084e00000, 0x0000000084f00000|  0%| F|  |TAMS 0x0000000084e00000, 0x0000000084e00000| Untracked 
|  79|0x0000000084f00000, 0x0000000084f00000, 0x0000000085000000|  0%| F|  |TAMS 0x0000000084f00000, 0x0000000084f00000| Untracked 
|  80|0x0000000085000000, 0x0000000085000000, 0x0000000085100000|  0%| F|  |TAMS 0x0000000085000000, 0x0000000085000000| Untracked 
|  81|0x0000000085100000, 0x0000000085100000, 0x0000000085200000|  0%| F|  |TAMS 0x0000000085100000, 0x0000000085100000| Untracked 
|  82|0x0000000085200000, 0x0000000085200000, 0x0000000085300000|  0%| F|  |TAMS 0x0000000085200000, 0x0000000085200000| Untracked 
|  83|0x0000000085300000, 0x0000000085300000, 0x0000000085400000|  0%| F|  |TAMS 0x0000000085300000, 0x0000000085300000| Untracked 
|  84|0x0000000085400000, 0x0000000085400000, 0x0000000085500000|  0%| F|  |TAMS 0x0000000085400000, 0x0000000085400000| Untracked 
|  85|0x0000000085500000, 0x0000000085500000, 0x0000000085600000|  0%| F|  |TAMS 0x0000000085500000, 0x0000000085500000| Untracked 
|  86|0x0000000085600000, 0x0000000085600000, 0x0000000085700000|  0%| F|  |TAMS 0x0000000085600000, 0x0000000085600000| Untracked 
|  87|0x0000000085700000, 0x0000000085700000, 0x0000000085800000|  0%| F|  |TAMS 0x0000000085700000, 0x0000000085700000| Untracked 
|  88|0x0000000085800000, 0x0000000085800000, 0x0000000085900000|  0%| F|  |TAMS 0x0000000085800000, 0x0000000085800000| Untracked 
|  89|0x0000000085900000, 0x0000000085900000, 0x0000000085a00000|  0%| F|  |TAMS 0x0000000085900000, 0x0000000085900000| Untracked 
|  90|0x0000000085a00000, 0x0000000085a00000, 0x0000000085b00000|  0%| F|  |TAMS 0x0000000085a00000, 0x0000000085a00000| Untracked 
|  91|0x0000000085b00000, 0x0000000085b00000, 0x0000000085c00000|  0%| F|  |TAMS 0x0000000085b00000, 0x0000000085b00000| Untracked 
|  92|0x0000000085c00000, 0x0000000085c00000, 0x0000000085d00000|  0%| F|  |TAMS 0x0000000085c00000, 0x0000000085c00000| Untracked 
|  93|0x0000000085d00000, 0x0000000085d00000, 0x0000000085e00000|  0%| F|  |TAMS 0x0000000085d00000, 0x0000000085d00000| Untracked 
|  94|0x0000000085e00000, 0x0000000085e00000, 0x0000000085f00000|  0%| F|  |TAMS 0x0000000085e00000, 0x0000000085e00000| Untracked 
|  95|0x0000000085f00000, 0x0000000085f00000, 0x0000000086000000|  0%| F|  |TAMS 0x0000000085f00000, 0x0000000085f00000| Untracked 
|  96|0x0000000086000000, 0x0000000086000000, 0x0000000086100000|  0%| F|  |TAMS 0x0000000086000000, 0x0000000086000000| Untracked 
|  97|0x0000000086100000, 0x0000000086100000, 0x0000000086200000|  0%| F|  |TAMS 0x0000000086100000, 0x0000000086100000| Untracked 
|  98|0x0000000086200000, 0x0000000086200000, 0x0000000086300000|  0%| F|  |TAMS 0x0000000086200000, 0x0000000086200000| Untracked 
|  99|0x0000000086300000, 0x0000000086300000, 0x0000000086400000|  0%| F|  |TAMS 0x0000000086300000, 0x0000000086300000| Untracked 
| 100|0x0000000086400000, 0x0000000086400000, 0x0000000086500000|  0%| F|  |TAMS 0x0000000086400000, 0x0000000086400000| Untracked 
| 101|0x0000000086500000, 0x0000000086500000, 0x0000000086600000|  0%| F|  |TAMS 0x0000000086500000, 0x0000000086500000| Untracked 
| 102|0x0000000086600000, 0x0000000086600000, 0x0000000086700000|  0%| F|  |TAMS 0x0000000086600000, 0x0000000086600000| Untracked 
| 103|0x0000000086700000, 0x0000000086700000, 0x0000000086800000|  0%| F|  |TAMS 0x0000000086700000, 0x0000000086700000| Untracked 
| 104|0x0000000086800000, 0x0000000086800000, 0x0000000086900000|  0%| F|  |TAMS 0x0000000086800000, 0x0000000086800000| Untracked 
| 105|0x0000000086900000, 0x0000000086900000, 0x0000000086a00000|  0%| F|  |TAMS 0x0000000086900000, 0x0000000086900000| Untracked 
| 106|0x0000000086a00000, 0x0000000086a00000, 0x0000000086b00000|  0%| F|  |TAMS 0x0000000086a00000, 0x0000000086a00000| Untracked 
| 107|0x0000000086b00000, 0x0000000086b00000, 0x0000000086c00000|  0%| F|  |TAMS 0x0000000086b00000, 0x0000000086b00000| Untracked 
| 108|0x0000000086c00000, 0x0000000086c00000, 0x0000000086d00000|  0%| F|  |TAMS 0x0000000086c00000, 0x0000000086c00000| Untracked 
| 109|0x0000000086d00000, 0x0000000086d00000, 0x0000000086e00000|  0%| F|  |TAMS 0x0000000086d00000, 0x0000000086d00000| Untracked 
| 110|0x0000000086e00000, 0x0000000086e00000, 0x0000000086f00000|  0%| F|  |TAMS 0x0000000086e00000, 0x0000000086e00000| Untracked 
| 111|0x0000000086f00000, 0x0000000086f00000, 0x0000000087000000|  0%| F|  |TAMS 0x0000000086f00000, 0x0000000086f00000| Untracked 
| 112|0x0000000087000000, 0x0000000087080000, 0x0000000087100000| 50%| S|CS|TAMS 0x0000000087000000, 0x0000000087000000| Complete 
| 113|0x0000000087100000, 0x0000000087200000, 0x0000000087200000|100%| S|CS|TAMS 0x0000000087100000, 0x0000000087100000| Complete 
| 114|0x0000000087200000, 0x0000000087300000, 0x0000000087300000|100%| S|CS|TAMS 0x0000000087200000, 0x0000000087200000| Complete 
| 115|0x0000000087300000, 0x0000000087400000, 0x0000000087400000|100%| S|CS|TAMS 0x0000000087300000, 0x0000000087300000| Complete 
| 116|0x0000000087400000, 0x0000000087500000, 0x0000000087500000|100%| S|CS|TAMS 0x0000000087400000, 0x0000000087400000| Complete 
| 117|0x0000000087500000, 0x0000000087500000, 0x0000000087600000|  0%| F|  |TAMS 0x0000000087500000, 0x0000000087500000| Untracked 
| 118|0x0000000087600000, 0x0000000087600000, 0x0000000087700000|  0%| F|  |TAMS 0x0000000087600000, 0x0000000087600000| Untracked 
| 119|0x0000000087700000, 0x0000000087700000, 0x0000000087800000|  0%| F|  |TAMS 0x0000000087700000, 0x0000000087700000| Untracked 
| 120|0x0000000087800000, 0x0000000087800000, 0x0000000087900000|  0%| F|  |TAMS 0x0000000087800000, 0x0000000087800000| Untracked 
| 121|0x0000000087900000, 0x0000000087900000, 0x0000000087a00000|  0%| F|  |TAMS 0x0000000087900000, 0x0000000087900000| Untracked 
| 122|0x0000000087a00000, 0x0000000087a00000, 0x0000000087b00000|  0%| F|  |TAMS 0x0000000087a00000, 0x0000000087a00000| Untracked 
| 123|0x0000000087b00000, 0x0000000087b00000, 0x0000000087c00000|  0%| F|  |TAMS 0x0000000087b00000, 0x0000000087b00000| Untracked 
| 124|0x0000000087c00000, 0x0000000087c00000, 0x0000000087d00000|  0%| F|  |TAMS 0x0000000087c00000, 0x0000000087c00000| Untracked 
| 125|0x0000000087d00000, 0x0000000087e00000, 0x0000000087e00000|100%| S|CS|TAMS 0x0000000087d00000, 0x0000000087d00000| Complete 
| 126|0x0000000087e00000, 0x0000000087f00000, 0x0000000087f00000|100%| S|CS|TAMS 0x0000000087e00000, 0x0000000087e00000| Complete 
| 127|0x0000000087f00000, 0x0000000088000000, 0x0000000088000000|100%| S|CS|TAMS 0x0000000087f00000, 0x0000000087f00000| Complete 
| 128|0x0000000088000000, 0x0000000088100000, 0x0000000088100000|100%| S|CS|TAMS 0x0000000088000000, 0x0000000088000000| Complete 
| 129|0x0000000088100000, 0x0000000088200000, 0x0000000088200000|100%| S|CS|TAMS 0x0000000088100000, 0x0000000088100000| Complete 
| 130|0x0000000088200000, 0x0000000088300000, 0x0000000088300000|100%| S|CS|TAMS 0x0000000088200000, 0x0000000088200000| Complete 
| 131|0x0000000088300000, 0x0000000088400000, 0x0000000088400000|100%| S|CS|TAMS 0x0000000088300000, 0x0000000088300000| Complete 
| 132|0x0000000088400000, 0x0000000088500000, 0x0000000088500000|100%| S|CS|TAMS 0x0000000088400000, 0x0000000088400000| Complete 
| 133|0x0000000088500000, 0x0000000088500000, 0x0000000088600000|  0%| F|  |TAMS 0x0000000088500000, 0x0000000088500000| Untracked 
| 134|0x0000000088600000, 0x0000000088600000, 0x0000000088700000|  0%| F|  |TAMS 0x0000000088600000, 0x0000000088600000| Untracked 
| 135|0x0000000088700000, 0x0000000088700000, 0x0000000088800000|  0%| F|  |TAMS 0x0000000088700000, 0x0000000088700000| Untracked 
| 136|0x0000000088800000, 0x0000000088800000, 0x0000000088900000|  0%| F|  |TAMS 0x0000000088800000, 0x0000000088800000| Untracked 
| 137|0x0000000088900000, 0x0000000088900000, 0x0000000088a00000|  0%| F|  |TAMS 0x0000000088900000, 0x0000000088900000| Untracked 
| 138|0x0000000088a00000, 0x0000000088a00000, 0x0000000088b00000|  0%| F|  |TAMS 0x0000000088a00000, 0x0000000088a00000| Untracked 
| 139|0x0000000088b00000, 0x0000000088b00000, 0x0000000088c00000|  0%| F|  |TAMS 0x0000000088b00000, 0x0000000088b00000| Untracked 
| 140|0x0000000088c00000, 0x0000000088c00000, 0x0000000088d00000|  0%| F|  |TAMS 0x0000000088c00000, 0x0000000088c00000| Untracked 
| 141|0x0000000088d00000, 0x0000000088e00000, 0x0000000088e00000|100%| S|CS|TAMS 0x0000000088d00000, 0x0000000088d00000| Complete 
| 142|0x0000000088e00000, 0x0000000088e00000, 0x0000000088f00000|  0%| F|  |TAMS 0x0000000088e00000, 0x0000000088e00000| Untracked 
| 143|0x0000000088f00000, 0x0000000088f00000, 0x0000000089000000|  0%| F|  |TAMS 0x0000000088f00000, 0x0000000088f00000| Untracked 
| 144|0x0000000089000000, 0x0000000089000000, 0x0000000089100000|  0%| F|  |TAMS 0x0000000089000000, 0x0000000089000000| Untracked 
| 145|0x0000000089100000, 0x0000000089100000, 0x0000000089200000|  0%| F|  |TAMS 0x0000000089100000, 0x0000000089100000| Untracked 
| 146|0x0000000089200000, 0x0000000089200000, 0x0000000089300000|  0%| F|  |TAMS 0x0000000089200000, 0x0000000089200000| Untracked 
| 147|0x0000000089300000, 0x0000000089300000, 0x0000000089400000|  0%| F|  |TAMS 0x0000000089300000, 0x0000000089300000| Untracked 
| 148|0x0000000089400000, 0x0000000089400000, 0x0000000089500000|  0%| F|  |TAMS 0x0000000089400000, 0x0000000089400000| Untracked 
| 149|0x0000000089500000, 0x0000000089500000, 0x0000000089600000|  0%| F|  |TAMS 0x0000000089500000, 0x0000000089500000| Untracked 
| 150|0x0000000089600000, 0x0000000089600000, 0x0000000089700000|  0%| F|  |TAMS 0x0000000089600000, 0x0000000089600000| Untracked 
| 151|0x0000000089700000, 0x0000000089700000, 0x0000000089800000|  0%| F|  |TAMS 0x0000000089700000, 0x0000000089700000| Untracked 
| 152|0x0000000089800000, 0x0000000089800000, 0x0000000089900000|  0%| F|  |TAMS 0x0000000089800000, 0x0000000089800000| Untracked 
| 153|0x0000000089900000, 0x0000000089900000, 0x0000000089a00000|  0%| F|  |TAMS 0x0000000089900000, 0x0000000089900000| Untracked 
| 154|0x0000000089a00000, 0x0000000089a00000, 0x0000000089b00000|  0%| F|  |TAMS 0x0000000089a00000, 0x0000000089a00000| Untracked 
| 155|0x0000000089b00000, 0x0000000089b00000, 0x0000000089c00000|  0%| F|  |TAMS 0x0000000089b00000, 0x0000000089b00000| Untracked 
| 156|0x0000000089c00000, 0x0000000089c00000, 0x0000000089d00000|  0%| F|  |TAMS 0x0000000089c00000, 0x0000000089c00000| Untracked 
| 157|0x0000000089d00000, 0x0000000089d00000, 0x0000000089e00000|  0%| F|  |TAMS 0x0000000089d00000, 0x0000000089d00000| Untracked 
| 158|0x0000000089e00000, 0x0000000089e00000, 0x0000000089f00000|  0%| F|  |TAMS 0x0000000089e00000, 0x0000000089e00000| Untracked 
| 159|0x0000000089f00000, 0x0000000089f00000, 0x000000008a000000|  0%| F|  |TAMS 0x0000000089f00000, 0x0000000089f00000| Untracked 
| 160|0x000000008a000000, 0x000000008a000000, 0x000000008a100000|  0%| F|  |TAMS 0x000000008a000000, 0x000000008a000000| Untracked 
| 161|0x000000008a100000, 0x000000008a100000, 0x000000008a200000|  0%| F|  |TAMS 0x000000008a100000, 0x000000008a100000| Untracked 
| 162|0x000000008a200000, 0x000000008a200000, 0x000000008a300000|  0%| F|  |TAMS 0x000000008a200000, 0x000000008a200000| Untracked 
| 163|0x000000008a300000, 0x000000008a300000, 0x000000008a400000|  0%| F|  |TAMS 0x000000008a300000, 0x000000008a300000| Untracked 
| 164|0x000000008a400000, 0x000000008a400000, 0x000000008a500000|  0%| F|  |TAMS 0x000000008a400000, 0x000000008a400000| Untracked 
| 165|0x000000008a500000, 0x000000008a500000, 0x000000008a600000|  0%| F|  |TAMS 0x000000008a500000, 0x000000008a500000| Untracked 
| 166|0x000000008a600000, 0x000000008a600000, 0x000000008a700000|  0%| F|  |TAMS 0x000000008a600000, 0x000000008a600000| Untracked 
| 167|0x000000008a700000, 0x000000008a700000, 0x000000008a800000|  0%| F|  |TAMS 0x000000008a700000, 0x000000008a700000| Untracked 
| 168|0x000000008a800000, 0x000000008a800000, 0x000000008a900000|  0%| F|  |TAMS 0x000000008a800000, 0x000000008a800000| Untracked 
| 169|0x000000008a900000, 0x000000008a900000, 0x000000008aa00000|  0%| F|  |TAMS 0x000000008a900000, 0x000000008a900000| Untracked 
| 170|0x000000008aa00000, 0x000000008aa00000, 0x000000008ab00000|  0%| F|  |TAMS 0x000000008aa00000, 0x000000008aa00000| Untracked 
| 171|0x000000008ab00000, 0x000000008ab00000, 0x000000008ac00000|  0%| F|  |TAMS 0x000000008ab00000, 0x000000008ab00000| Untracked 
| 172|0x000000008ac00000, 0x000000008ac00000, 0x000000008ad00000|  0%| F|  |TAMS 0x000000008ac00000, 0x000000008ac00000| Untracked 
| 173|0x000000008ad00000, 0x000000008ad00000, 0x000000008ae00000|  0%| F|  |TAMS 0x000000008ad00000, 0x000000008ad00000| Untracked 
| 174|0x000000008ae00000, 0x000000008ae00000, 0x000000008af00000|  0%| F|  |TAMS 0x000000008ae00000, 0x000000008ae00000| Untracked 
| 175|0x000000008af00000, 0x000000008af00000, 0x000000008b000000|  0%| F|  |TAMS 0x000000008af00000, 0x000000008af00000| Untracked 
| 176|0x000000008b000000, 0x000000008b000000, 0x000000008b100000|  0%| F|  |TAMS 0x000000008b000000, 0x000000008b000000| Untracked 
| 177|0x000000008b100000, 0x000000008b100000, 0x000000008b200000|  0%| F|  |TAMS 0x000000008b100000, 0x000000008b100000| Untracked 
| 178|0x000000008b200000, 0x000000008b200000, 0x000000008b300000|  0%| F|  |TAMS 0x000000008b200000, 0x000000008b200000| Untracked 
| 179|0x000000008b300000, 0x000000008b300000, 0x000000008b400000|  0%| F|  |TAMS 0x000000008b300000, 0x000000008b300000| Untracked 
| 180|0x000000008b400000, 0x000000008b400000, 0x000000008b500000|  0%| F|  |TAMS 0x000000008b400000, 0x000000008b400000| Untracked 
| 181|0x000000008b500000, 0x000000008b500000, 0x000000008b600000|  0%| F|  |TAMS 0x000000008b500000, 0x000000008b500000| Untracked 
| 182|0x000000008b600000, 0x000000008b600000, 0x000000008b700000|  0%| F|  |TAMS 0x000000008b600000, 0x000000008b600000| Untracked 
| 183|0x000000008b700000, 0x000000008b700000, 0x000000008b800000|  0%| F|  |TAMS 0x000000008b700000, 0x000000008b700000| Untracked 
| 184|0x000000008b800000, 0x000000008b800000, 0x000000008b900000|  0%| F|  |TAMS 0x000000008b800000, 0x000000008b800000| Untracked 
| 185|0x000000008b900000, 0x000000008b900000, 0x000000008ba00000|  0%| F|  |TAMS 0x000000008b900000, 0x000000008b900000| Untracked 
| 186|0x000000008ba00000, 0x000000008ba00000, 0x000000008bb00000|  0%| F|  |TAMS 0x000000008ba00000, 0x000000008ba00000| Untracked 
| 187|0x000000008bb00000, 0x000000008bb00000, 0x000000008bc00000|  0%| F|  |TAMS 0x000000008bb00000, 0x000000008bb00000| Untracked 
| 188|0x000000008bc00000, 0x000000008bc00000, 0x000000008bd00000|  0%| F|  |TAMS 0x000000008bc00000, 0x000000008bc00000| Untracked 
| 189|0x000000008bd00000, 0x000000008bd00000, 0x000000008be00000|  0%| F|  |TAMS 0x000000008bd00000, 0x000000008bd00000| Untracked 
| 190|0x000000008be00000, 0x000000008be00000, 0x000000008bf00000|  0%| F|  |TAMS 0x000000008be00000, 0x000000008be00000| Untracked 
| 191|0x000000008bf00000, 0x000000008bf00000, 0x000000008c000000|  0%| F|  |TAMS 0x000000008bf00000, 0x000000008bf00000| Untracked 
| 192|0x000000008c000000, 0x000000008c000000, 0x000000008c100000|  0%| F|  |TAMS 0x000000008c000000, 0x000000008c000000| Untracked 
| 193|0x000000008c100000, 0x000000008c100000, 0x000000008c200000|  0%| F|  |TAMS 0x000000008c100000, 0x000000008c100000| Untracked 
| 194|0x000000008c200000, 0x000000008c200000, 0x000000008c300000|  0%| F|  |TAMS 0x000000008c200000, 0x000000008c200000| Untracked 
| 195|0x000000008c300000, 0x000000008c300000, 0x000000008c400000|  0%| F|  |TAMS 0x000000008c300000, 0x000000008c300000| Untracked 
| 196|0x000000008c400000, 0x000000008c400000, 0x000000008c500000|  0%| F|  |TAMS 0x000000008c400000, 0x000000008c400000| Untracked 
| 197|0x000000008c500000, 0x000000008c500000, 0x000000008c600000|  0%| F|  |TAMS 0x000000008c500000, 0x000000008c500000| Untracked 
| 198|0x000000008c600000, 0x000000008c600000, 0x000000008c700000|  0%| F|  |TAMS 0x000000008c600000, 0x000000008c600000| Untracked 
| 199|0x000000008c700000, 0x000000008c780800, 0x000000008c800000| 50%| E|  |TAMS 0x000000008c700000, 0x000000008c700000| Complete 
| 200|0x000000008c800000, 0x000000008c900000, 0x000000008c900000|100%| E|CS|TAMS 0x000000008c800000, 0x000000008c800000| Complete 
| 201|0x000000008c900000, 0x000000008ca00000, 0x000000008ca00000|100%| E|CS|TAMS 0x000000008c900000, 0x000000008c900000| Complete 
| 202|0x000000008ca00000, 0x000000008cb00000, 0x000000008cb00000|100%| E|CS|TAMS 0x000000008ca00000, 0x000000008ca00000| Complete 
| 203|0x000000008cb00000, 0x000000008cc00000, 0x000000008cc00000|100%| E|CS|TAMS 0x000000008cb00000, 0x000000008cb00000| Complete 
| 204|0x000000008cc00000, 0x000000008cd00000, 0x000000008cd00000|100%| E|CS|TAMS 0x000000008cc00000, 0x000000008cc00000| Complete 
| 205|0x000000008cd00000, 0x000000008ce00000, 0x000000008ce00000|100%| E|CS|TAMS 0x000000008cd00000, 0x000000008cd00000| Complete 
| 206|0x000000008ce00000, 0x000000008cf00000, 0x000000008cf00000|100%| E|CS|TAMS 0x000000008ce00000, 0x000000008ce00000| Complete 
| 207|0x000000008cf00000, 0x000000008d000000, 0x000000008d000000|100%| E|CS|TAMS 0x000000008cf00000, 0x000000008cf00000| Complete 
| 208|0x000000008d000000, 0x000000008d100000, 0x000000008d100000|100%| E|CS|TAMS 0x000000008d000000, 0x000000008d000000| Complete 
| 209|0x000000008d100000, 0x000000008d200000, 0x000000008d200000|100%| E|CS|TAMS 0x000000008d100000, 0x000000008d100000| Complete 
| 210|0x000000008d200000, 0x000000008d300000, 0x000000008d300000|100%| E|CS|TAMS 0x000000008d200000, 0x000000008d200000| Complete 
| 211|0x000000008d300000, 0x000000008d400000, 0x000000008d400000|100%| E|CS|TAMS 0x000000008d300000, 0x000000008d300000| Complete 
| 212|0x000000008d400000, 0x000000008d500000, 0x000000008d500000|100%| E|CS|TAMS 0x000000008d400000, 0x000000008d400000| Complete 
| 213|0x000000008d500000, 0x000000008d600000, 0x000000008d600000|100%| E|CS|TAMS 0x000000008d500000, 0x000000008d500000| Complete 
| 214|0x000000008d600000, 0x000000008d700000, 0x000000008d700000|100%| E|CS|TAMS 0x000000008d600000, 0x000000008d600000| Complete 
| 215|0x000000008d700000, 0x000000008d800000, 0x000000008d800000|100%| E|CS|TAMS 0x000000008d700000, 0x000000008d700000| Complete 
| 216|0x000000008d800000, 0x000000008d900000, 0x000000008d900000|100%| E|CS|TAMS 0x000000008d800000, 0x000000008d800000| Complete 
| 217|0x000000008d900000, 0x000000008da00000, 0x000000008da00000|100%| E|CS|TAMS 0x000000008d900000, 0x000000008d900000| Complete 
| 218|0x000000008da00000, 0x000000008db00000, 0x000000008db00000|100%| E|CS|TAMS 0x000000008da00000, 0x000000008da00000| Complete 
| 219|0x000000008db00000, 0x000000008dc00000, 0x000000008dc00000|100%| E|CS|TAMS 0x000000008db00000, 0x000000008db00000| Complete 
| 220|0x000000008dc00000, 0x000000008dd00000, 0x000000008dd00000|100%| E|CS|TAMS 0x000000008dc00000, 0x000000008dc00000| Complete 
| 221|0x000000008dd00000, 0x000000008de00000, 0x000000008de00000|100%| E|CS|TAMS 0x000000008dd00000, 0x000000008dd00000| Complete 
| 222|0x000000008de00000, 0x000000008df00000, 0x000000008df00000|100%| E|CS|TAMS 0x000000008de00000, 0x000000008de00000| Complete 
| 223|0x000000008df00000, 0x000000008e000000, 0x000000008e000000|100%| E|CS|TAMS 0x000000008df00000, 0x000000008df00000| Complete 
| 224|0x000000008e000000, 0x000000008e100000, 0x000000008e100000|100%| E|CS|TAMS 0x000000008e000000, 0x000000008e000000| Complete 
| 225|0x000000008e100000, 0x000000008e200000, 0x000000008e200000|100%| E|CS|TAMS 0x000000008e100000, 0x000000008e100000| Complete 
| 226|0x000000008e200000, 0x000000008e300000, 0x000000008e300000|100%| E|CS|TAMS 0x000000008e200000, 0x000000008e200000| Complete 
| 227|0x000000008e300000, 0x000000008e400000, 0x000000008e400000|100%| E|CS|TAMS 0x000000008e300000, 0x000000008e300000| Complete 
| 228|0x000000008e400000, 0x000000008e500000, 0x000000008e500000|100%| E|CS|TAMS 0x000000008e400000, 0x000000008e400000| Complete 
| 229|0x000000008e500000, 0x000000008e600000, 0x000000008e600000|100%| E|CS|TAMS 0x000000008e500000, 0x000000008e500000| Complete 
| 230|0x000000008e600000, 0x000000008e700000, 0x000000008e700000|100%| E|CS|TAMS 0x000000008e600000, 0x000000008e600000| Complete 
| 231|0x000000008e700000, 0x000000008e800000, 0x000000008e800000|100%| E|CS|TAMS 0x000000008e700000, 0x000000008e700000| Complete 
| 232|0x000000008e800000, 0x000000008e900000, 0x000000008e900000|100%| E|CS|TAMS 0x000000008e800000, 0x000000008e800000| Complete 
| 233|0x000000008e900000, 0x000000008ea00000, 0x000000008ea00000|100%| E|CS|TAMS 0x000000008e900000, 0x000000008e900000| Complete 
| 234|0x000000008ea00000, 0x000000008eb00000, 0x000000008eb00000|100%| E|CS|TAMS 0x000000008ea00000, 0x000000008ea00000| Complete 
| 235|0x000000008eb00000, 0x000000008ec00000, 0x000000008ec00000|100%| E|CS|TAMS 0x000000008eb00000, 0x000000008eb00000| Complete 
| 236|0x000000008ec00000, 0x000000008ed00000, 0x000000008ed00000|100%| E|CS|TAMS 0x000000008ec00000, 0x000000008ec00000| Complete 
| 237|0x000000008ed00000, 0x000000008ee00000, 0x000000008ee00000|100%| E|CS|TAMS 0x000000008ed00000, 0x000000008ed00000| Complete 
| 238|0x000000008ee00000, 0x000000008ef00000, 0x000000008ef00000|100%| E|CS|TAMS 0x000000008ee00000, 0x000000008ee00000| Complete 
| 239|0x000000008ef00000, 0x000000008f000000, 0x000000008f000000|100%| E|CS|TAMS 0x000000008ef00000, 0x000000008ef00000| Complete 
| 240|0x000000008f000000, 0x000000008f100000, 0x000000008f100000|100%| E|CS|TAMS 0x000000008f000000, 0x000000008f000000| Complete 
| 241|0x000000008f100000, 0x000000008f200000, 0x000000008f200000|100%| E|CS|TAMS 0x000000008f100000, 0x000000008f100000| Complete 
| 242|0x000000008f200000, 0x000000008f300000, 0x000000008f300000|100%| E|CS|TAMS 0x000000008f200000, 0x000000008f200000| Complete 
| 243|0x000000008f300000, 0x000000008f400000, 0x000000008f400000|100%| E|CS|TAMS 0x000000008f300000, 0x000000008f300000| Complete 
| 244|0x000000008f400000, 0x000000008f500000, 0x000000008f500000|100%| E|CS|TAMS 0x000000008f400000, 0x000000008f400000| Complete 
| 245|0x000000008f500000, 0x000000008f600000, 0x000000008f600000|100%| E|CS|TAMS 0x000000008f500000, 0x000000008f500000| Complete 
| 246|0x000000008f600000, 0x000000008f700000, 0x000000008f700000|100%| E|CS|TAMS 0x000000008f600000, 0x000000008f600000| Complete 
| 247|0x000000008f700000, 0x000000008f800000, 0x000000008f800000|100%| E|CS|TAMS 0x000000008f700000, 0x000000008f700000| Complete 
| 248|0x000000008f800000, 0x000000008f900000, 0x000000008f900000|100%| E|CS|TAMS 0x000000008f800000, 0x000000008f800000| Complete 
| 249|0x000000008f900000, 0x000000008fa00000, 0x000000008fa00000|100%| E|CS|TAMS 0x000000008f900000, 0x000000008f900000| Complete 
| 250|0x000000008fa00000, 0x000000008fb00000, 0x000000008fb00000|100%| E|CS|TAMS 0x000000008fa00000, 0x000000008fa00000| Complete 
| 251|0x000000008fb00000, 0x000000008fc00000, 0x000000008fc00000|100%| E|CS|TAMS 0x000000008fb00000, 0x000000008fb00000| Complete 
| 252|0x000000008fc00000, 0x000000008fd00000, 0x000000008fd00000|100%| E|CS|TAMS 0x000000008fc00000, 0x000000008fc00000| Complete 
| 253|0x000000008fd00000, 0x000000008fe00000, 0x000000008fe00000|100%| E|CS|TAMS 0x000000008fd00000, 0x000000008fd00000| Complete 
| 254|0x000000008fe00000, 0x000000008ff00000, 0x000000008ff00000|100%| E|CS|TAMS 0x000000008fe00000, 0x000000008fe00000| Complete 
| 255|0x000000008ff00000, 0x0000000090000000, 0x0000000090000000|100%| E|CS|TAMS 0x000000008ff00000, 0x000000008ff00000| Complete 

Card table byte_map: [0x000001472d350000,0x000001472d750000] _byte_map_base: 0x000001472cf50000

Marking Bits (Prev, Next): (CMBitMap*) 0x000001471a4a17b8, (CMBitMap*) 0x000001471a4a17f0
 Prev Bits: [0x000001472db50000, 0x000001472fb50000)
 Next Bits: [0x000001472fb50000, 0x0000014731b50000)

Polling page: 0x0000014718260000

Metaspace:

Usage:
  Non-class:     76.88 MB capacity,    75.45 MB ( 98%) used,     1.18 MB (  2%) free+waste,   254.13 KB ( <1%) overhead. 
      Class:     11.91 MB capacity,    11.14 MB ( 93%) used,   683.59 KB (  6%) free+waste,   113.69 KB ( <1%) overhead. 
       Both:     88.79 MB capacity,    86.59 MB ( 98%) used,     1.84 MB (  2%) free+waste,   367.81 KB ( <1%) overhead. 

Virtual space:
  Non-class space:       78.00 MB reserved,      76.93 MB ( 99%) committed 
      Class space:        1.00 GB reserved,      11.95 MB (  1%) committed 
             Both:        1.08 GB reserved,      88.88 MB (  8%) committed 

Chunk freelists:
   Non-Class:  51.00 KB
       Class:  0 bytes
        Both:  51.00 KB

MaxMetaspaceSize: 17179869184.00 GB
CompressedClassSpaceSize: 1.00 GB

CodeHeap 'non-profiled nmethods': size=120064Kb used=6834Kb max_used=6834Kb free=113229Kb
 bounds [0x0000014725a10000, 0x00000147260c0000, 0x000001472cf50000]
CodeHeap 'profiled nmethods': size=120000Kb used=23698Kb max_used=23698Kb free=96301Kb
 bounds [0x000001471e4e0000, 0x000001471fc10000, 0x0000014725a10000]
CodeHeap 'non-nmethods': size=5696Kb used=2286Kb max_used=2340Kb free=3409Kb
 bounds [0x000001471df50000, 0x000001471e1c0000, 0x000001471e4e0000]
 total_blobs=11776 nmethods=10887 adapters=800
 compilation: enabled
              stopped_count=0, restarted_count=0
 full_count=0

Compilation events (20 events):
Event: 70.946 Thread 0x0000014734914000 nmethod 10850 0x000001471fbb4c90 code [0x000001471fbb4f60, 0x000001471fbb5e78]
Event: 70.946 Thread 0x0000014734914000 10851       3       org.gradle.api.internal.artifacts.ivyservice.modulecache.ModuleMetadataSerializer$Reader::readNullableString (10 bytes)
Event: 70.946 Thread 0x0000014734914000 nmethod 10851 0x000001471fbb6310 code [0x000001471fbb64c0, 0x000001471fbb6688]
Event: 70.948 Thread 0x0000014734914000 10852       3       org.gradle.internal.component.model.ImmutableModuleSources::of (43 bytes)
Event: 70.948 Thread 0x0000014734914000 nmethod 10852 0x000001471fbb6790 code [0x000001471fbb6960, 0x000001471fbb6bc8]
Event: 70.949 Thread 0x0000014734914000 10853       3       org.gradle.internal.component.external.model.NoOpDerivationStrategy::getInstance (4 bytes)
Event: 70.949 Thread 0x0000014734914000 nmethod 10853 0x000001471fbb6d10 code [0x000001471fbb6ec0, 0x000001471fbb6fb8]
Event: 70.949 Thread 0x0000014734914000 10854   !   3       com.esotericsoftware.kryo.io.Input::close (19 bytes)
Event: 70.949 Thread 0x0000014734914000 nmethod 10854 0x000001471fbb7090 code [0x000001471fbb7260, 0x000001471fbb7488]
Event: 70.950 Thread 0x0000014734914000 10855       3       com.esotericsoftware.kryo.io.Input::readInt_slow (201 bytes)
Event: 70.951 Thread 0x0000014734914000 nmethod 10855 0x000001471fbb7590 code [0x000001471fbb77a0, 0x000001471fbb7cd8]
Event: 70.951 Thread 0x0000014734914000 10856       3       org.gradle.internal.serialize.kryo.KryoBackedDecoder::close (8 bytes)
Event: 70.951 Thread 0x0000014734914000 nmethod 10856 0x000001471fbb7f10 code [0x000001471fbb80e0, 0x000001471fbb8388]
Event: 70.951 Thread 0x0000014734914000 10857       3       org.gradle.internal.component.external.model.AbstractLazyModuleComponentResolveMetadata::getStatus (5 bytes)
Event: 70.952 Thread 0x0000014734914000 nmethod 10857 0x000001471fbb8510 code [0x000001471fbb86e0, 0x000001471fbb89e8]
Event: 70.952 Thread 0x0000014734914000 10858       3       org.gradle.internal.component.external.model.maven.DefaultMavenModuleResolveMetadata::withDerivationStrategy (24 bytes)
Event: 70.952 Thread 0x0000014734914000 nmethod 10858 0x000001471fbb8b10 code [0x000001471fbb8ce0, 0x000001471fbb90c8]
Event: 70.952 Thread 0x0000014734914000 10859       3       org.gradle.api.internal.artifacts.dsl.DefaultComponentMetadataProcessor::maybeForceRealisation (19 bytes)
Event: 70.953 Thread 0x0000014734914000 nmethod 10859 0x000001471fbb9210 code [0x000001471fbb93c0, 0x000001471fbb94d8]
Event: 70.954 Thread 0x0000014734914000 10860       3       org.gradle.api.internal.artifacts.dsl.DefaultComponentMetadataProcessor::processMetadata (254 bytes)

GC Heap History (20 events):
Event: 3.944 GC heap before
{Heap before GC invocations=3 (full 0):
 garbage-first heap   total 262144K, used 79779K [0x0000000080000000, 0x0000000100000000)
  region size 1024K, 72 young (73728K), 4 survivors (4096K)
 Metaspace       used 20629K, capacity 21118K, committed 21248K, reserved 1067008K
  class space    used 2521K, capacity 2720K, committed 2816K, reserved 1048576K
}
Event: 3.957 GC heap after
{Heap after GC invocations=4 (full 0):
 garbage-first heap   total 262144K, used 16415K [0x0000000080000000, 0x0000000100000000)
  region size 1024K, 9 young (9216K), 9 survivors (9216K)
 Metaspace       used 20629K, capacity 21118K, committed 21248K, reserved 1067008K
  class space    used 2521K, capacity 2720K, committed 2816K, reserved 1048576K
}
Event: 9.077 GC heap before
{Heap before GC invocations=5 (full 0):
 garbage-first heap   total 262144K, used 124959K [0x0000000080000000, 0x0000000100000000)
  region size 1024K, 116 young (118784K), 9 survivors (9216K)
 Metaspace       used 34801K, capacity 35638K, committed 35840K, reserved 1081344K
  class space    used 4538K, capacity 4864K, committed 4864K, reserved 1048576K
}
Event: 9.096 GC heap after
{Heap after GC invocations=6 (full 0):
 garbage-first heap   total 262144K, used 21786K [0x0000000080000000, 0x0000000100000000)
  region size 1024K, 13 young (13312K), 13 survivors (13312K)
 Metaspace       used 34801K, capacity 35638K, committed 35840K, reserved 1081344K
  class space    used 4538K, capacity 4864K, committed 4864K, reserved 1048576K
}
Event: 9.136 GC heap before
{Heap before GC invocations=6 (full 0):
 garbage-first heap   total 262144K, used 22810K [0x0000000080000000, 0x0000000100000000)
  region size 1024K, 15 young (15360K), 13 survivors (13312K)
 Metaspace       used 35041K, capacity 35830K, committed 35840K, reserved 1081344K
  class space    used 4543K, capacity 4864K, committed 4864K, reserved 1048576K
}
Event: 9.154 GC heap after
{Heap after GC invocations=7 (full 0):
 garbage-first heap   total 262144K, used 22096K [0x0000000080000000, 0x0000000100000000)
  region size 1024K, 6 young (6144K), 6 survivors (6144K)
 Metaspace       used 35041K, capacity 35830K, committed 35840K, reserved 1081344K
  class space    used 4543K, capacity 4864K, committed 4864K, reserved 1048576K
}
Event: 11.650 GC heap before
{Heap before GC invocations=8 (full 0):
 garbage-first heap   total 262144K, used 138832K [0x0000000080000000, 0x0000000100000000)
  region size 1024K, 117 young (119808K), 6 survivors (6144K)
 Metaspace       used 43947K, capacity 45064K, committed 45260K, reserved 1089536K
  class space    used 5643K, capacity 6034K, committed 6092K, reserved 1048576K
}
Event: 11.669 GC heap after
{Heap after GC invocations=9 (full 0):
 garbage-first heap   total 262144K, used 28798K [0x0000000080000000, 0x0000000100000000)
  region size 1024K, 13 young (13312K), 13 survivors (13312K)
 Metaspace       used 43947K, capacity 45064K, committed 45260K, reserved 1089536K
  class space    used 5643K, capacity 6034K, committed 6092K, reserved 1048576K
}
Event: 17.978 GC heap before
{Heap before GC invocations=9 (full 0):
 garbage-first heap   total 262144K, used 168062K [0x0000000080000000, 0x0000000100000000)
  region size 1024K, 142 young (145408K), 13 survivors (13312K)
 Metaspace       used 56394K, capacity 57801K, committed 57932K, reserved 1099776K
  class space    used 7166K, capacity 7696K, committed 7756K, reserved 1048576K
}
Event: 18.013 GC heap after
{Heap after GC invocations=10 (full 0):
 garbage-first heap   total 262144K, used 46988K [0x0000000080000000, 0x0000000100000000)
  region size 1024K, 18 young (18432K), 18 survivors (18432K)
 Metaspace       used 56394K, capacity 57801K, committed 57932K, reserved 1099776K
  class space    used 7166K, capacity 7696K, committed 7756K, reserved 1048576K
}
Event: 18.877 GC heap before
{Heap before GC invocations=10 (full 0):
 garbage-first heap   total 262144K, used 57228K [0x0000000080000000, 0x0000000100000000)
  region size 1024K, 29 young (29696K), 18 survivors (18432K)
 Metaspace       used 58584K, capacity 60105K, committed 60288K, reserved 1101824K
  class space    used 7433K, capacity 8038K, committed 8140K, reserved 1048576K
}
Event: 18.907 GC heap after
{Heap after GC invocations=11 (full 0):
 garbage-first heap   total 262144K, used 49252K [0x0000000080000000, 0x0000000100000000)
  region size 1024K, 3 young (3072K), 3 survivors (3072K)
 Metaspace       used 58584K, capacity 60105K, committed 60288K, reserved 1101824K
  class space    used 7433K, capacity 8038K, committed 8140K, reserved 1048576K
}
Event: 22.474 GC heap before
{Heap before GC invocations=12 (full 0):
 garbage-first heap   total 262144K, used 161892K [0x0000000080000000, 0x0000000100000000)
  region size 1024K, 113 young (115712K), 3 survivors (3072K)
 Metaspace       used 65871K, capacity 67541K, committed 67840K, reserved 1107968K
  class space    used 8342K, capacity 8963K, committed 9036K, reserved 1048576K
}
Event: 22.500 GC heap after
{Heap after GC invocations=13 (full 0):
 garbage-first heap   total 262144K, used 56373K [0x0000000080000000, 0x0000000100000000)
  region size 1024K, 10 young (10240K), 10 survivors (10240K)
 Metaspace       used 65871K, capacity 67541K, committed 67840K, reserved 1107968K
  class space    used 8342K, capacity 8963K, committed 9036K, reserved 1048576K
}
Event: 27.448 GC heap before
{Heap before GC invocations=14 (full 0):
 garbage-first heap   total 262144K, used 172085K [0x0000000080000000, 0x0000000100000000)
  region size 1024K, 123 young (125952K), 10 survivors (10240K)
 Metaspace       used 78495K, capacity 80263K, committed 80512K, reserved 1118208K
  class space    used 10197K, capacity 10892K, committed 10956K, reserved 1048576K
}
Event: 27.492 GC heap after
{Heap after GC invocations=15 (full 0):
 garbage-first heap   total 262144K, used 63882K [0x0000000080000000, 0x0000000100000000)
  region size 1024K, 8 young (8192K), 8 survivors (8192K)
 Metaspace       used 78495K, capacity 80263K, committed 80512K, reserved 1118208K
  class space    used 10197K, capacity 10892K, committed 10956K, reserved 1048576K
}
Event: 31.891 GC heap before
{Heap before GC invocations=15 (full 0):
 garbage-first heap   total 262144K, used 180618K [0x0000000080000000, 0x0000000100000000)
  region size 1024K, 123 young (125952K), 8 survivors (8192K)
 Metaspace       used 82361K, capacity 84425K, committed 84736K, reserved 1122304K
  class space    used 10687K, capacity 11479K, committed 11596K, reserved 1048576K
}
Event: 31.918 GC heap after
{Heap after GC invocations=16 (full 0):
 garbage-first heap   total 262144K, used 72022K [0x0000000080000000, 0x0000000100000000)
  region size 1024K, 16 young (16384K), 16 survivors (16384K)
 Metaspace       used 82361K, capacity 84425K, committed 84736K, reserved 1122304K
  class space    used 10687K, capacity 11479K, committed 11596K, reserved 1048576K
}
Event: 37.789 GC heap before
{Heap before GC invocations=16 (full 0):
 garbage-first heap   total 262144K, used 187734K [0x0000000080000000, 0x0000000100000000)
  region size 1024K, 130 young (133120K), 16 survivors (16384K)
 Metaspace       used 85901K, capacity 88027K, committed 88192K, reserved 1126400K
  class space    used 11086K, capacity 11874K, committed 11980K, reserved 1048576K
}
Event: 37.823 GC heap after
{Heap after GC invocations=17 (full 0):
 garbage-first heap   total 262144K, used 77052K [0x0000000080000000, 0x0000000100000000)
  region size 1024K, 14 young (14336K), 14 survivors (14336K)
 Metaspace       used 85901K, capacity 88027K, committed 88192K, reserved 1126400K
  class space    used 11086K, capacity 11874K, committed 11980K, reserved 1048576K
}

Deoptimization events (20 events):
Event: 70.521 Thread 0x00000147382d0800 Uncommon trap: trap_request=0xffffff4d fr.pc=0x0000014725ec84dc relative=0x00000000000004bc
Event: 70.521 Thread 0x00000147382d0800 Uncommon trap: reason=unstable_if action=reinterpret pc=0x0000014725ec84dc method=org.gradle.cache.internal.DefaultCrossBuildInMemoryCacheFactory$AbstractCrossBuildInMemoryCache.getIfPresentWithoutLock(Ljava/lang/Object;)Ljava/lang/Object; @ 24 c2
Event: 70.521 Thread 0x00000147382d0800 DEOPT PACKING pc=0x0000014725ec84dc sp=0x0000003e3dafd2d0
Event: 70.521 Thread 0x00000147382d0800 DEOPT UNPACKING pc=0x000001471df778af sp=0x0000003e3dafd278 mode 2
Event: 70.534 Thread 0x00000147382d0800 Uncommon trap: trap_request=0xffffff4d fr.pc=0x0000014725ffbad8 relative=0x0000000000000098
Event: 70.534 Thread 0x00000147382d0800 Uncommon trap: reason=unstable_if action=reinterpret pc=0x0000014725ffbad8 method=org.gradle.internal.operations.DefaultBuildOperationAncestryTracker.started(Lorg/gradle/internal/operations/BuildOperationDescriptor;Lorg/gradle/internal/operations/Operatio
Event: 70.534 Thread 0x00000147382d0800 DEOPT PACKING pc=0x0000014725ffbad8 sp=0x0000003e3dafd110
Event: 70.534 Thread 0x00000147382d0800 DEOPT UNPACKING pc=0x000001471df778af sp=0x0000003e3dafd098 mode 2
Event: 70.534 Thread 0x00000147382d0800 Uncommon trap: trap_request=0xffffff4d fr.pc=0x000001472603daa0 relative=0x0000000000000be0
Event: 70.534 Thread 0x00000147382d0800 Uncommon trap: reason=unstable_if action=reinterpret pc=0x000001472603daa0 method=org.gradle.tooling.internal.provider.runner.SubtreeFilteringBuildOperationListener.started(Lorg/gradle/internal/operations/BuildOperationDescriptor;Lorg/gradle/internal/oper
Event: 70.534 Thread 0x00000147382d0800 DEOPT PACKING pc=0x000001472603daa0 sp=0x0000003e3dafd0b0
Event: 70.534 Thread 0x00000147382d0800 DEOPT UNPACKING pc=0x000001471df778af sp=0x0000003e3dafd088 mode 2
Event: 70.597 Thread 0x00000147382d0800 Uncommon trap: trap_request=0xffffff4d fr.pc=0x0000014726092644 relative=0x0000000000002564
Event: 70.597 Thread 0x00000147382d0800 Uncommon trap: reason=unstable_if action=reinterpret pc=0x0000014726092644 method=org.gradle.cache.internal.DefaultCrossBuildInMemoryCacheFactory$AbstractCrossBuildInMemoryCache.getIfPresentWithoutLock(Ljava/lang/Object;)Ljava/lang/Object; @ 24 c2
Event: 70.597 Thread 0x00000147382d0800 DEOPT PACKING pc=0x0000014726092644 sp=0x0000003e3daf9760
Event: 70.597 Thread 0x00000147382d0800 DEOPT UNPACKING pc=0x000001471df778af sp=0x0000003e3daf9510 mode 2
Event: 70.929 Thread 0x00000147382d0800 Uncommon trap: trap_request=0xffffffde fr.pc=0x0000014726054de0 relative=0x00000000000016c0
Event: 70.929 Thread 0x00000147382d0800 Uncommon trap: reason=class_check action=maybe_recompile pc=0x0000014726054de0 method=org.gradle.cache.internal.LockOnDemandCrossProcessCacheAccess.incrementLockCount()V @ 97 c2
Event: 70.929 Thread 0x00000147382d0800 DEOPT PACKING pc=0x0000014726054de0 sp=0x0000003e3daf7990
Event: 70.929 Thread 0x00000147382d0800 DEOPT UNPACKING pc=0x000001471df778af sp=0x0000003e3daf7990 mode 2

Classes redefined (0 events):
No events

Internal exceptions (20 events):
Event: 38.542 Thread 0x0000014734bdb000 Exception <a 'java/lang/NoSuchMethodError'{0x000000008dc0ab98}: 'java.lang.Object java.lang.invoke.DirectMethodHandle$Holder.invokeStatic(java.lang.Object, java.lang.Object, long)'> (0x000000008dc0ab98) thrown at [./src/hotspot/share/interpreter/linkResolver.cpp, line 773]
Event: 38.543 Thread 0x0000014734bdb000 Exception <a 'java/lang/NoSuchMethodError'{0x000000008dc11110}: 'java.lang.Object java.lang.invoke.Invokers$Holder.linkToTargetMethod(java.lang.Object, long, java.lang.Object)'> (0x000000008dc11110) thrown at [./src/hotspot/share/interpreter/linkResolver.cpp, line 773]
Event: 38.839 Thread 0x0000014734bdb000 Exception <a 'java/lang/NoSuchMethodError'{0x000000008dbbeca0}: 'int java.lang.invoke.DirectMethodHandle$Holder.invokeSpecialIFC(java.lang.Object, java.lang.Object, java.lang.Object)'> (0x000000008dbbeca0) thrown at [./src/hotspot/share/interpreter/linkResolver.cpp, line 773]
Event: 44.122 Thread 0x0000014734bdb000 Exception <a 'java/io/IOException'{0x000000008dbd3b10}> (0x000000008dbd3b10) thrown at [./src/hotspot/share/prims/jni.cpp, line 615]
Event: 44.135 Thread 0x00000147382d0800 Exception <a 'java/lang/NoSuchMethodError'{0x000000008da93ce0}: 'void java.lang.invoke.DirectMethodHandle$Holder.invokeStatic(java.lang.Object, java.lang.Object, java.lang.Object, java.lang.Object, java.lang.Object, java.lang.Object, java.lang.Object)'> (0x000000008da93ce0) thrown at [./src/hotspot/share/interpreter/linkResolver.cpp, line 773]
Event: 44.156 Thread 0x0000014737193800 Exception <a 'java/lang/NoSuchMethodError'{0x000000008d607928}: <clinit>> (0x000000008d607928) thrown at [./src/hotspot/share/prims/jni.cpp, line 1362]
Event: 44.158 Thread 0x0000014737193800 Exception <a 'java/lang/NoSuchMethodError'{0x000000008d617cf8}: <clinit>> (0x000000008d617cf8) thrown at [./src/hotspot/share/prims/jni.cpp, line 1362]
Event: 44.283 Thread 0x00000147382d0800 Exception <a 'java/lang/NoSuchMethodError'{0x000000008d5b9de0}: 'int java.lang.invoke.DirectMethodHandle$Holder.invokeVirtual(java.lang.Object, java.lang.Object, java.lang.Object)'> (0x000000008d5b9de0) thrown at [./src/hotspot/share/interpreter/linkResolver.cpp, line 773]
Event: 44.327 Thread 0x00000147382d0800 Implicit null exception at 0x00000147260305af to 0x00000147260305fc
Event: 44.564 Thread 0x0000014735d6a000 Exception <a 'java/lang/NoSuchMethodError'{0x000000008d0a03f0}: <clinit>> (0x000000008d0a03f0) thrown at [./src/hotspot/share/prims/jni.cpp, line 1362]
Event: 44.566 Thread 0x0000014735d6a000 Exception <a 'java/lang/NoSuchMethodError'{0x000000008d0b1198}: <clinit>> (0x000000008d0b1198) thrown at [./src/hotspot/share/prims/jni.cpp, line 1362]
Event: 44.566 Thread 0x0000014735d6a000 Exception <a 'java/lang/NoSuchMethodError'{0x000000008d0b2880}: <clinit>> (0x000000008d0b2880) thrown at [./src/hotspot/share/prims/jni.cpp, line 1362]
Event: 44.568 Thread 0x0000014735d6a000 Exception <a 'java/lang/NoSuchMethodError'{0x000000008d0c4a18}: <clinit>> (0x000000008d0c4a18) thrown at [./src/hotspot/share/prims/jni.cpp, line 1362]
Event: 44.569 Thread 0x0000014735d6a000 Exception <a 'java/lang/NoSuchMethodError'{0x000000008d0d0b68}: <clinit>> (0x000000008d0d0b68) thrown at [./src/hotspot/share/prims/jni.cpp, line 1362]
Event: 44.602 Thread 0x0000014735d6a000 Exception <a 'java/lang/NoSuchMethodError'{0x000000008d0e6168}: <clinit>> (0x000000008d0e6168) thrown at [./src/hotspot/share/prims/jni.cpp, line 1362]
Event: 44.626 Thread 0x0000014735d6a000 Exception <a 'java/lang/NoSuchMethodError'{0x000000008d0fe318}: <clinit>> (0x000000008d0fe318) thrown at [./src/hotspot/share/prims/jni.cpp, line 1362]
Event: 44.628 Thread 0x0000014735d6a000 Exception <a 'java/lang/NoSuchMethodError'{0x000000008cf0d128}: <clinit>> (0x000000008cf0d128) thrown at [./src/hotspot/share/prims/jni.cpp, line 1362]
Event: 53.326 Thread 0x0000014736d59800 Implicit null exception at 0x0000014725a519f7 to 0x0000014725a51ef0
Event: 53.327 Thread 0x0000014736d59800 Implicit null exception at 0x0000014725de4df4 to 0x0000014725de5410
Event: 70.534 Thread 0x00000147382d0800 Implicit null exception at 0x000001472603cf02 to 0x000001472603da80

Events (20 events):
Event: 44.658 Executing VM operation: BulkRevokeBias
Event: 44.658 Executing VM operation: BulkRevokeBias done
Event: 44.659 Thread 0x0000014736a44800 Thread exited: 0x0000014736a44800
Event: 47.015 Thread 0x0000014734bd8000 Thread exited: 0x0000014734bd8000
Event: 70.492 Thread 0x0000014734bd8000 Thread added: 0x0000014734bd8000
Event: 70.499 Thread 0x0000014734bd4800 Thread added: 0x0000014734bd4800
Event: 70.510 Thread 0x0000014734bd2000 Thread added: 0x0000014734bd2000
Event: 70.515 Thread 0x0000014734bd3000 Thread added: 0x0000014734bd3000
Event: 70.516 Thread 0x0000014734bd8800 Thread added: 0x0000014734bd8800
Event: 70.526 Thread 0x0000014734bd9800 Thread added: 0x0000014734bd9800
Event: 70.530 loading class org/gradle/internal/watch/vfs/impl/WatchingVirtualFileSystem
Event: 70.530 loading class org/gradle/internal/watch/vfs/impl/WatchingVirtualFileSystem done
Event: 70.531 Executing VM operation: RevokeBias
Event: 70.531 Executing VM operation: RevokeBias done
Event: 70.539 Thread 0x0000014734bd3800 Thread added: 0x0000014734bd3800
Event: 70.584 Thread 0x0000014734bdc800 Thread added: 0x0000014734bdc800
Event: 70.591 Thread 0x0000014734bdb000 Thread added: 0x0000014734bdb000
Event: 70.599 Thread 0x0000014734bdc000 Thread added: 0x0000014734bdc000
Event: 70.624 Thread 0x0000014734bdd800 Thread added: 0x0000014734bdd800
Event: 70.927 Thread 0x0000014734bdf000 Thread added: 0x0000014734bdf000


Dynamic libraries:
0x00007ff747b30000 - 0x00007ff747b3a000 	C:\Program Files\Android\Android Studio Arctic Fox\jre\bin\java.exe
0x00007ffea8690000 - 0x00007ffea8885000 	C:\WINDOWS\SYSTEM32\ntdll.dll
0x00007ffea7ed0000 - 0x00007ffea7f8d000 	C:\WINDOWS\System32\KERNEL32.DLL
0x00007ffea6400000 - 0x00007ffea66c9000 	C:\WINDOWS\System32\KERNELBASE.dll
0x00007ffea62d0000 - 0x00007ffea63d0000 	C:\WINDOWS\System32\ucrtbase.dll
0x00007ffe73980000 - 0x00007ffe73999000 	C:\Program Files\Android\Android Studio Arctic Fox\jre\bin\jli.dll
0x00007ffe73960000 - 0x00007ffe73977000 	C:\Program Files\Android\Android Studio Arctic Fox\jre\bin\VCRUNTIME140.dll
0x00007ffea7ad0000 - 0x00007ffea7c70000 	C:\WINDOWS\System32\USER32.dll
0x00007ffea63d0000 - 0x00007ffea63f2000 	C:\WINDOWS\System32\win32u.dll
0x00007ffe95dc0000 - 0x00007ffe9605a000 	C:\WINDOWS\WinSxS\amd64_microsoft.windows.common-controls_6595b64144ccf1df_6.0.19041.1110_none_60b5254171f9507e\COMCTL32.dll
0x00007ffea7890000 - 0x00007ffea78ba000 	C:\WINDOWS\System32\GDI32.dll
0x00007ffea7a30000 - 0x00007ffea7ace000 	C:\WINDOWS\System32\msvcrt.dll
0x00007ffea5f30000 - 0x00007ffea603b000 	C:\WINDOWS\System32\gdi32full.dll
0x00007ffea60f0000 - 0x00007ffea618d000 	C:\WINDOWS\System32\msvcp_win.dll
0x00007ffea81e0000 - 0x00007ffea8210000 	C:\WINDOWS\System32\IMM32.DLL
0x00007ffe738c0000 - 0x00007ffe7395d000 	C:\Program Files\Android\Android Studio Arctic Fox\jre\bin\msvcp140.dll
0x00007ffe66aa0000 - 0x00007ffe6756f000 	C:\Program Files\Android\Android Studio Arctic Fox\jre\bin\server\jvm.dll
0x00007ffea7620000 - 0x00007ffea76cc000 	C:\WINDOWS\System32\ADVAPI32.dll
0x00007ffea7460000 - 0x00007ffea74fb000 	C:\WINDOWS\System32\sechost.dll
0x00007ffea80b0000 - 0x00007ffea81da000 	C:\WINDOWS\System32\RPCRT4.dll
0x00007ffea7500000 - 0x00007ffea7508000 	C:\WINDOWS\System32\PSAPI.DLL
0x00007ffe9fd10000 - 0x00007ffe9fd1a000 	C:\WINDOWS\SYSTEM32\VERSION.dll
0x00007ffe78bc0000 - 0x00007ffe78be7000 	C:\WINDOWS\SYSTEM32\WINMM.dll
0x00007ffe7e2a0000 - 0x00007ffe7e2a9000 	C:\WINDOWS\SYSTEM32\WSOCK32.dll
0x00007ffea79c0000 - 0x00007ffea7a2b000 	C:\WINDOWS\System32\WS2_32.dll
0x00007ffea4980000 - 0x00007ffea4992000 	C:\WINDOWS\SYSTEM32\kernel.appcore.dll
0x00007ffe7a730000 - 0x00007ffe7a741000 	C:\Program Files\Android\Android Studio Arctic Fox\jre\bin\verify.dll
0x00007ffea43e0000 - 0x00007ffea45c4000 	C:\WINDOWS\SYSTEM32\DBGHELP.DLL
0x00007ffe96cb0000 - 0x00007ffe96cdc000 	C:\WINDOWS\SYSTEM32\dbgcore.DLL
0x00007ffea6240000 - 0x00007ffea62c3000 	C:\WINDOWS\System32\bcryptPrimitives.dll
0x00007ffe6ebd0000 - 0x00007ffe6ebf9000 	C:\Program Files\Android\Android Studio Arctic Fox\jre\bin\java.dll
0x00007ffe7a720000 - 0x00007ffe7a72b000 	C:\Program Files\Android\Android Studio Arctic Fox\jre\bin\jimage.dll
0x00007ffe6eb90000 - 0x00007ffe6eba8000 	C:\Program Files\Android\Android Studio Arctic Fox\jre\bin\zip.dll
0x00007ffea6780000 - 0x00007ffea6ebf000 	C:\WINDOWS\System32\SHELL32.dll
0x00007ffea3b20000 - 0x00007ffea42b1000 	C:\WINDOWS\SYSTEM32\windows.storage.dll
0x00007ffea8210000 - 0x00007ffea8565000 	C:\WINDOWS\System32\combase.dll
0x00007ffea5770000 - 0x00007ffea579c000 	C:\WINDOWS\SYSTEM32\Wldp.dll
0x00007ffea7c70000 - 0x00007ffea7d1e000 	C:\WINDOWS\System32\SHCORE.dll
0x00007ffea78c0000 - 0x00007ffea7915000 	C:\WINDOWS\System32\shlwapi.dll
0x00007ffea5d10000 - 0x00007ffea5d2f000 	C:\WINDOWS\SYSTEM32\profapi.dll
0x00007ffe6cc50000 - 0x00007ffe6cc6a000 	C:\Program Files\Android\Android Studio Arctic Fox\jre\bin\net.dll
0x00007ffea0730000 - 0x00007ffea083a000 	C:\WINDOWS\SYSTEM32\WINHTTP.dll
0x00007ffea54d0000 - 0x00007ffea553a000 	C:\WINDOWS\system32\mswsock.dll
0x00007ffe6c9c0000 - 0x00007ffe6c9d4000 	C:\Program Files\Android\Android Studio Arctic Fox\jre\bin\nio.dll
0x00007ffe6cdc0000 - 0x00007ffe6cde7000 	C:\Users\Max\.gradle\native\8bec1ad78214c89d9ad589b4d07fe93259594b29d510b10fafb7a158f7737e5d\windows-amd64\native-platform.dll
0x00007ffe571a0000 - 0x00007ffe572dd000 	C:\Users\Max\.gradle\native\53dbd7edfb1c66fb8903c78663c9afc45aea4f116125fa6feffd364cf09443e8\windows-amd64\native-platform-file-events.dll
0x00007ffe6eff0000 - 0x00007ffe6effa000 	C:\Program Files\Android\Android Studio Arctic Fox\jre\bin\management.dll
0x00007ffe6eb50000 - 0x00007ffe6eb5c000 	C:\Program Files\Android\Android Studio Arctic Fox\jre\bin\management_ext.dll
0x00007ffea56c0000 - 0x00007ffea56d8000 	C:\WINDOWS\SYSTEM32\CRYPTSP.dll
0x00007ffea4e70000 - 0x00007ffea4ea4000 	C:\WINDOWS\system32\rsaenh.dll
0x00007ffea66d0000 - 0x00007ffea66f7000 	C:\WINDOWS\System32\bcrypt.dll
0x00007ffea5c90000 - 0x00007ffea5cbe000 	C:\WINDOWS\SYSTEM32\USERENV.dll
0x00007ffea56b0000 - 0x00007ffea56bc000 	C:\WINDOWS\SYSTEM32\CRYPTBASE.dll
0x00007ffea51c0000 - 0x00007ffea51fb000 	C:\WINDOWS\SYSTEM32\IPHLPAPI.DLL
0x00007ffea76d0000 - 0x00007ffea76d8000 	C:\WINDOWS\System32\NSI.dll
0x00007ffe9fbb0000 - 0x00007ffe9fbc7000 	C:\WINDOWS\SYSTEM32\dhcpcsvc6.DLL
0x00007ffe9fb00000 - 0x00007ffe9fb1d000 	C:\WINDOWS\SYSTEM32\dhcpcsvc.DLL
0x00007ffea5200000 - 0x00007ffea52cc000 	C:\WINDOWS\SYSTEM32\DNSAPI.dll

dbghelp: loaded successfully - version: 4.0.5 - missing functions: none
symbol engine: initialized successfully - sym options: 0x614 - pdb path: .;C:\Program Files\Android\Android Studio Arctic Fox\jre\bin;C:\WINDOWS\SYSTEM32;C:\WINDOWS\WinSxS\amd64_microsoft.windows.common-controls_6595b64144ccf1df_6.0.19041.1110_none_60b5254171f9507e;C:\Program Files\Android\Android Studio Arctic Fox\jre\bin\server;C:\Users\Max\.gradle\native\8bec1ad78214c89d9ad589b4d07fe93259594b29d510b10fafb7a158f7737e5d\windows-amd64;C:\Users\Max\.gradle\native\53dbd7edfb1c66fb8903c78663c9afc45aea4f116125fa6feffd364cf09443e8\windows-amd64

VM Arguments:
jvm_args: --add-opens=java.base/java.util=ALL-UNNAMED --add-opens=java.base/java.lang=ALL-UNNAMED --add-opens=java.base/java.lang.invoke=ALL-UNNAMED --add-opens=java.base/java.util=ALL-UNNAMED --add-opens=java.prefs/java.util.prefs=ALL-UNNAMED --add-opens=java.prefs/java.util.prefs=ALL-UNNAMED --add-opens=java.base/java.nio.charset=ALL-UNNAMED --add-opens=java.base/java.net=ALL-UNNAMED --add-opens=java.base/java.util.concurrent.atomic=ALL-UNNAMED -Xmx2048m -Dfile.encoding=UTF-8 -Duser.country=US -Duser.language=en -Duser.variant 
java_command: org.gradle.launcher.daemon.bootstrap.GradleDaemon 7.0.2
java_class_path (initial): C:\Users\Max\.gradle\wrapper\dists\gradle-7.0.2-bin\857tjihv64xamwrf0h14cai3r\gradle-7.0.2\lib\gradle-launcher-7.0.2.jar
Launcher Type: SUN_STANDARD

[Global flags]
     intx CICompilerCount                          = 3                                         {product} {ergonomic}
     uint ConcGCThreads                            = 1                                         {product} {ergonomic}
     uint G1ConcRefinementThreads                  = 4                                         {product} {ergonomic}
   size_t G1HeapRegionSize                         = 1048576                                   {product} {ergonomic}
    uintx GCDrainStackTargetSize                   = 64                                        {product} {ergonomic}
   size_t InitialHeapSize                          = 268435456                                 {product} {ergonomic}
   size_t MarkStackSize                            = 4194304                                   {product} {ergonomic}
   size_t MaxHeapSize                              = 2147483648                                {product} {command line}
   size_t MaxNewSize                               = 1287651328                                {product} {ergonomic}
   size_t MinHeapDeltaBytes                        = 1048576                                   {product} {ergonomic}
    uintx NonNMethodCodeHeapSize                   = 5830732                                {pd product} {ergonomic}
    uintx NonProfiledCodeHeapSize                  = 122913754                              {pd product} {ergonomic}
    uintx ProfiledCodeHeapSize                     = 122913754                              {pd product} {ergonomic}
    uintx ReservedCodeCacheSize                    = 251658240                              {pd product} {ergonomic}
     bool SegmentedCodeCache                       = true                                      {product} {ergonomic}
     bool UseCompressedClassPointers               = true                                 {lp64_product} {ergonomic}
     bool UseCompressedOops                        = true                                 {lp64_product} {ergonomic}
     bool UseG1GC                                  = true                                      {product} {ergonomic}
     bool UseLargePagesIndividualAllocation        = false                                  {pd product} {ergonomic}

Logging:
Log output configuration:
 #0: stdout all=warning uptime,level,tags
 #1: stderr all=off uptime,level,tags

Environment Variables:
PATH=C:\Program Files (x86)\NVIDIA Corporation\PhysX\Common;C:\Program Files (x86)\Intel\iCLS Client\;C:\Program Files\Intel\iCLS Client\;C:\WINDOWS\system32;C:\WINDOWS;C:\WINDOWS\System32\Wbem;C:\WINDOWS\System32\WindowsPowerShell\v1.0\;C:\Program Files (x86)\Intel\Intel(R) Management Engine Components\DAL;C:\Program Files\Intel\Intel(R) Management Engine Components\DAL;C:\Program Files (x86)\Intel\Intel(R) Management Engine Components\IPT;C:\Program Files\Intel\Intel(R) Management Engine Components\IPT;C:\WINDOWS\System32\OpenSSH\;C:\Users\Max\.dnx\bin;C:\Program Files\Microsoft DNX\Dnvm\;C:\Program Files\dotnet\;C:\Program Files\Microsoft SQL Server\Client SDK\ODBC\110\Tools\Binn\;C:\Program Files (x86)\Microsoft SQL Server\120\Tools\Binn\;C:\Program Files\Microsoft SQL Server\120\Tools\Binn\;C:\Program Files\Microsoft SQL Server\120\DTS\Binn\;C:\Program Files (x86)\Windows Kits\8.1\Windows Performance Toolkit\;C:\Program Files\Git\cmd;C:\Program Files\MATLAB\R2016a\runtime\win64;C:\Program Files\MATLAB\R2016a\bin;C:\Program Files\MATLAB\R2016a\polyspace\bin;C:\Program Files (x86)\QuickTime\QTSystem\;;C:\WINDOWS\system32;C:\WINDOWS;C:\WINDOWS\System32\Wbem;C:\WINDOWS\System32\WindowsPowerShell\v1.0\;C:\WINDOWS\System32\OpenSSH\;C:\Program Files\Redis\;C:\Program Files\Go\bin;C:\Program Files\nodejs\;C:\ProgramData\chocolatey\bin;C:\Program Files\Microsoft SQL Server\130\Tools\Binn\;C:\Program Files\Microsoft SQL Server\Client SDK\ODBC\170\Tools\Binn\;F:\Software\kotlinc\bin;C:\Program Files\Java\jdk-12.0.1\bin;F:\Software\AndroidSDKFull\platform-tools;F:\Software\FlutterSDKFull\flutter\bin;F:\Software\AndroidSDKFull;C:\Users\Max\Anaconda3;C:\Users\Max\Anaconda3\Library\mingw-w64\bin;C:\Users\Max\Anaconda3\Library\usr\bin;C:\Users\Max\Anaconda3\Library\bin;C:\Users\Max\Anaconda3\Scripts;C:\Users\Max\AppData\Local\Programs\Python\Python37\Scripts\;C:\Users\Max\AppData\Local\Programs\Python\Python37\;C:\Users\Max\AppData\Local\Microsoft\WindowsApps;C:\Program Files\Mic
USERNAME=Max
OS=Windows_NT
PROCESSOR_IDENTIFIER=Intel64 Family 6 Model 142 Stepping 9, GenuineIntel



---------------  S Y S T E M  ---------------

OS: Windows 10 , 64 bit Build 19041 (10.0.19041.1023)
OS uptime: 0 days 14:47 hours

CPU:total 4 (initial active 4) (2 cores per cpu, 2 threads per core) family 6 model 142 stepping 9 microcode 0xde, cmov, cx8, fxsr, mmx, sse, sse2, sse3, ssse3, sse4.1, sse4.2, popcnt, avx, avx2, aes, clmul, erms, 3dnowpref, lzcnt, ht, tsc, tscinvbit, bmi1, bmi2, adx, fma

Memory: 4k page, system-wide physical 16300M (1879M free)
TotalPageFile size 17324M (AvailPageFile size 5M)
current process WorkingSet (physical memory assigned to process): 475M, peak: 477M
current process commit charge ("private bytes"): 540M, peak: 541M

vm_info: OpenJDK 64-Bit Server VM (11.0.10+0-b96-7249189) for windows-amd64 JRE (11.0.10+0-b96-7249189), built on Mar 31 2021 21:44:00 by "builder" with MS VC++ 14.0 (VS2015)

END.
